<?xml version="1.0" encoding="UTF-8"?>
<!-- Generated by org.testng.reporters.JUnitReportReporter -->
<testsuite hostname="DESKTOP-GA0BEHB" failures="0" tests="1" name="resources.TC002_POST_RegCustomer" time="2.337" errors="0" timestamp="2021-08-15T19:22:44 IST" skipped="0">
  <testcase classname="resources.TC002_POST_RegCustomer" name="customerRegister" time="2.337"/>
  <system-out/>
</testsuite> <!-- resources.TC002_POST_RegCustomer -->
