<?xml version="1.0" encoding="UTF-8"?>
<!-- Generated by org.testng.reporters.JUnitReportReporter -->
<testsuite hostname="DESKTOP-GA0BEHB" failures="0" tests="1" name="resources.WeatherAPITest" time="3.513" errors="0" timestamp="2021-08-09T12:45:20 IST" skipped="0">
  <testcase classname="resources.WeatherAPITest" name="getWeatherDetails" time="3.513"/>
  <system-out/>
</testsuite> <!-- resources.WeatherAPITest -->
